


ARM Macro Assembler    Page 1 


    1 00000000         ; Print.s
    2 00000000         ; Student names: change this to your names or look very 
                       silly
    3 00000000         ; Last modification date: change this to the last modifi
                       cation date or look very silly
    4 00000000         ; Runs on LM4F120 or TM4C123
    5 00000000         ; EE319K lab 7 device driver for any LCD
    6 00000000         ;
    7 00000000         ; As part of Lab 7, students need to implement these LCD
                       _OutDec and LCD_OutFix
    8 00000000         ; This driver assumes two low-level LCD functions
    9 00000000         ; ST7735_OutChar   outputs a single 8-bit ASCII characte
                       r
   10 00000000         ; ST7735_OutString outputs a null-terminated string 
   11 00000000         
   12 00000000                 IMPORT           ST7735_OutChar
   13 00000000                 IMPORT           ST7735_OutString
   14 00000000                 EXPORT           LCD_OutDec
   15 00000000                 EXPORT           LCD_OutFix
   16 00000000         
   17 00000000                 AREA             |.text|, CODE, READONLY, ALIGN=
2
   18 00000000                 PRESERVE8
   19 00000000                 THUMB
   20 00000000         
   21 00000000         
   22 00000000         
   23 00000000         ;-----------------------LCD_OutDec----------------------
                       -
   24 00000000         ; Output a 32-bit number in unsigned decimal format
   25 00000000         ; Input: R0 (call by value) 32-bit unsigned number
   26 00000000         ; Output: none
   27 00000000         ; Invariables: This function must not permanently modify
                        registers R4 to R11
   28 00000000         LCD_OutDec
   29 00000000 F04F 009B       MOV              R0,#155
   30 00000004 F04F 030A       MOV              R3,#10      ;
   31 00000008 FBB0 F1F3       UDIV             R1,R0,R3    ;
   32 0000000C FB01 F303       MUL              R3,R1,R3
   33 00000010 1AC2            SUBS             R2,R0,R3
   34 00000012 F102 0230       ADD              R2,R2,#0X30 ;
   35 00000016 B404            PUSH{R2}
   36 00000018 3100            ADDS             R1,#0       ;
   37 0000001A D021            BEQ              finish
   38 0000001C         
   39 0000001C F04F 030A       MOV              R3,#10
   40 00000020 FBB1 F2F3       UDIV             R2,R1,R3    ;
   41 00000024 FB02 F303       MUL              R3,R2,R3
   42 00000028 1ACC            SUBS             R4,R1,R3
   43 0000002A F104 0430       ADD              R4,R4,#0X30 ;
   44 0000002E B410            PUSH{R4}
   45 00000030 3100            ADDS             R1,#0       ;
   46 00000032 D015            BEQ              finish
   47 00000034         
   48 00000034 F04F 030A       MOV              R3,#10
   49 00000038 FBB2 F1F3       UDIV             R1,R2,R3    ;
   50 0000003C FB01 F303       MUL              R3,R1,R3
   51 00000040 1AD2            SUBS             R2,R2,R3
   52 00000042 F102 0230       ADD              R2,R2,#0X30 ;



ARM Macro Assembler    Page 2 


   53 00000046 B404            PUSH{R2}
   54 00000048 3100            ADDS             R1,#0       ;
   55 0000004A D009            BEQ              finish
   56 0000004C         
   57 0000004C FBB0 F1F3       UDIV             R1,R0,R3    ;
   58 00000050 FB01 F303       MUL              R3,R1,R3
   59 00000054 1AC2            SUBS             R2,R0,R3
   60 00000056 F102 0230       ADD              R2,R2,#0X30 ;
   61 0000005A B404            PUSH{R2}
   62 0000005C 3100            ADDS             R1,#0       ;
   63 0000005E D0FF            BEQ              finish
   64 00000060         
   65 00000060         
   66 00000060         
   67 00000060         
   68 00000060         
   69 00000060 BC07    finish  POP{R0,R1,R2}
   70 00000062 F7FF FFFE       BL               ST7735_OutChar
   71 00000066 4408            ADD              R0,R1       ;
   72 00000068 F7FF FFFE       BL               ST7735_OutChar
   73 0000006C 4410            ADD              R0,R2       ;
   74 0000006E F7FF FFFE       BL               ST7735_OutChar
   75 00000072         
   76 00000072         
   77 00000072         
   78 00000072         
   79 00000072         
   80 00000072         
   81 00000072 4770            BX               LR
   82 00000074         ;* * * * * * * * End of LCD_OutDec * * * * * * * *
   83 00000074         
   84 00000074         ; -----------------------LCD _OutFix--------------------
                       --
   85 00000074         ; Output characters to LCD display in fixed-point format
                       
   86 00000074         ; unsigned decimal, resolution 0.001, range 0.000 to 9.9
                       99
   87 00000074         ; Inputs:  R0 is an unsigned 32-bit number
   88 00000074         ; Outputs: none
   89 00000074         ; E.g., R0=0,    then output "0.000 "
   90 00000074         ;       R0=3,    then output "0.003 "
   91 00000074         ;       R0=89,   then output "0.089 "
   92 00000074         ;       R0=123,  then output "0.123 "
   93 00000074         ;       R0=9999, then output "9.999 "
   94 00000074         ;       R0>9999, then output "*.*** "
   95 00000074         ; Invariables: This function must not permanently modify
                        registers R4 to R11
   96 00000074         LCD_OutFix
   97 00000074         
   98 00000074 4770            BX               LR
   99 00000076         
  100 00000076 00 00           ALIGN
  101 00000078         ;* * * * * * * * End of LCD_OutFix * * * * * * * *
  102 00000078         
  103 00000078                 ALIGN                        ; make sure the end
                                                             of this section is
                                                             aligned
  104 00000078                 END                          ; end of file
Command Line: --debug --xref --cpu=Cortex-M4 --apcs=interwork --depend=.\print.



ARM Macro Assembler    Page 3 


d -o.\print.o -IC:\Keil\ARM\RV31\INC -IC:\Keil\ARM\CMSIS\Include -IC:\Keil\ARM\
Inc\Luminary --predefine="__EVAL SETA 1" --predefine="__MICROLIB SETA 1" --list
=.\print.lst Print.s



ARM Macro Assembler    Page 1 Alphabetic symbol ordering
Relocatable symbols

.text 00000000

Symbol: .text
   Definitions
      At line 17 in file Print.s
   Uses
      None
Comment: .text unused
LCD_OutDec 00000000

Symbol: LCD_OutDec
   Definitions
      At line 28 in file Print.s
   Uses
      At line 14 in file Print.s
Comment: LCD_OutDec used once
LCD_OutFix 00000074

Symbol: LCD_OutFix
   Definitions
      At line 96 in file Print.s
   Uses
      At line 15 in file Print.s
Comment: LCD_OutFix used once
finish 00000060

Symbol: finish
   Definitions
      At line 69 in file Print.s
   Uses
      At line 37 in file Print.s
      At line 46 in file Print.s
      At line 55 in file Print.s
      At line 63 in file Print.s

4 symbols



ARM Macro Assembler    Page 1 Alphabetic symbol ordering
External symbols

ST7735_OutChar 00000000

Symbol: ST7735_OutChar
   Definitions
      At line 12 in file Print.s
   Uses
      At line 70 in file Print.s
      At line 72 in file Print.s
      At line 74 in file Print.s

ST7735_OutString 00000000

Symbol: ST7735_OutString
   Definitions
      At line 13 in file Print.s
   Uses
      None
Comment: ST7735_OutString unused
2 symbols
338 symbols in table
